<?xml version="1.0" encoding="UTF-8"?>
<!-- Generated by org.testng.reporters.JUnitReportReporter -->
<testsuite skipped="0" hostname="DESKTOP-9TU11KU" name="com.inetbanking.Testcases.Testcase1" tests="1" failures="0" timestamp="9 Jul 2021 18:46:19 GMT" time="0.940" errors="0">
  <testcase name="tc1" time="0.940" classname="com.inetbanking.Testcases.Testcase1"/>
</testsuite> <!-- com.inetbanking.Testcases.Testcase1 -->
