<?xml version="1.0" encoding="UTF-8"?>
<!-- Generated by org.testng.reporters.JUnitReportReporter -->
<testsuite skipped="1" hostname="DESKTOP-9TU11KU" name="com.inetbanking.Testcases.Testcase2" tests="1" failures="0" timestamp="9 Jul 2021 18:46:19 GMT" time="0.000" errors="0">
  <testcase name="loginDTT" time="0.000" classname="com.inetbanking.Testcases.Testcase2">
    <skipped/>
  </testcase> <!-- loginDTT -->
</testsuite> <!-- com.inetbanking.Testcases.Testcase2 -->
